<?xml version="1.0" encoding="UTF-8"?>
<testsuite xmlns:xsi="http://www.w3.org/2001/XMLSchema-instance" xsi:noNamespaceSchemaLocation="https://maven.apache.org/surefire/maven-surefire-plugin/xsd/surefire-test-report.xsd" name="com.example.apigateway.ApiGatewayApplicationTests" time="22.732" tests="1" errors="0" skipped="0" failures="0">

    <property name="sun.boot.library.path" value="C:\Program Files\Java\jdk1.8.0_202\jre\bin"/>
    <property name="sun.java.command" value="C:\Users\abdou\AppData\Local\Temp\surefire7396307529888300642\surefirebooter3854914157704981711.jar C:\Users\abdou\AppData\Local\Temp\surefire7396307529888300642 2023-10-22T12-30-43_562-jvmRun1 surefire2914235757400799324tmp surefire_09087796677089904618tmp"/>
    <property name="surefire.test.class.path" value="C:\Users\abdou\Desktop\ms-learning\api-gateway\target\test-classes;C:\Users\abdou\Desktop\ms-learning\api-gateway\target\classes;C:\Users\abdou\.m2\repository\org\springframework\cloud\spring-cloud-starter-gateway\3.1.8\spring-cloud-starter-gateway-3.1.8.jar;C:\Users\abdou\.m2\repository\org\springframework\cloud\spring-cloud-starter\3.1.7\spring-cloud-starter-3.1.7.jar;C:\Users\abdou\.m2\repository\org\springframework\cloud\spring-cloud-context\3.1.7\spring-cloud-context-3.1.7.jar;C:\Users\abdou\.m2\repository\org\springframework\security\spring-security-crypto\5.7.11\spring-security-crypto-5.7.11.jar;C:\Users\abdou\.m2\repository\org\springframework\cloud\spring-cloud-commons\3.1.7\spring-cloud-commons-3.1.7.jar;C:\Users\abdou\.m2\repository\org\springframework\security\spring-security-rsa\1.0.11.RELEASE\spring-security-rsa-1.0.11.RELEASE.jar;C:\Users\abdou\.m2\repository\org\bouncycastle\bcpkix-jdk15on\1.69\bcpkix-jdk15on-1.69.jar;C:\Users\abdou\.m2\repository\org\bouncycastle\bcprov-jdk15on\1.69\bcprov-jdk15on-1.69.jar;C:\Users\abdou\.m2\repository\org\bouncycastle\bcutil-jdk15on\1.69\bcutil-jdk15on-1.69.jar;C:\Users\abdou\.m2\repository\org\springframework\cloud\spring-cloud-gateway-server\3.1.8\spring-cloud-gateway-server-3.1.8.jar;C:\Users\abdou\.m2\repository\org\springframework\boot\spring-boot-starter-validation\2.7.17-SNAPSHOT\spring-boot-starter-validation-2.7.17-SNAPSHOT.jar;C:\Users\abdou\.m2\repository\org\apache\tomcat\embed\tomcat-embed-el\9.0.82\tomcat-embed-el-9.0.82.jar;C:\Users\abdou\.m2\repository\org\hibernate\validator\hibernate-validator\6.2.5.Final\hibernate-validator-6.2.5.Final.jar;C:\Users\abdou\.m2\repository\jakarta\validation\jakarta.validation-api\2.0.2\jakarta.validation-api-2.0.2.jar;C:\Users\abdou\.m2\repository\org\jboss\logging\jboss-logging\3.4.3.Final\jboss-logging-3.4.3.Final.jar;C:\Users\abdou\.m2\repository\com\fasterxml\classmate\1.5.1\classmate-1.5.1.jar;C:\Users\abdou\.m2\repository\io\projectreactor\addons\reactor-extra\3.4.10\reactor-extra-3.4.10.jar;C:\Users\abdou\.m2\repository\io\projectreactor\reactor-core\3.4.33\reactor-core-3.4.33.jar;C:\Users\abdou\.m2\repository\org\reactivestreams\reactive-streams\1.0.4\reactive-streams-1.0.4.jar;C:\Users\abdou\.m2\repository\org\springframework\boot\spring-boot-starter-webflux\2.7.17-SNAPSHOT\spring-boot-starter-webflux-2.7.17-SNAPSHOT.jar;C:\Users\abdou\.m2\repository\org\springframework\boot\spring-boot-starter-json\2.7.17-SNAPSHOT\spring-boot-starter-json-2.7.17-SNAPSHOT.jar;C:\Users\abdou\.m2\repository\com\fasterxml\jackson\datatype\jackson-datatype-jdk8\2.13.5\jackson-datatype-jdk8-2.13.5.jar;C:\Users\abdou\.m2\repository\com\fasterxml\jackson\datatype\jackson-datatype-jsr310\2.13.5\jackson-datatype-jsr310-2.13.5.jar;C:\Users\abdou\.m2\repository\com\fasterxml\jackson\module\jackson-module-parameter-names\2.13.5\jackson-module-parameter-names-2.13.5.jar;C:\Users\abdou\.m2\repository\org\springframework\boot\spring-boot-starter-reactor-netty\2.7.17-SNAPSHOT\spring-boot-starter-reactor-netty-2.7.17-SNAPSHOT.jar;C:\Users\abdou\.m2\repository\io\projectreactor\netty\reactor-netty-http\1.0.38\reactor-netty-http-1.0.38.jar;C:\Users\abdou\.m2\repository\io\netty\netty-codec-http\4.1.100.Final\netty-codec-http-4.1.100.Final.jar;C:\Users\abdou\.m2\repository\io\netty\netty-common\4.1.100.Final\netty-common-4.1.100.Final.jar;C:\Users\abdou\.m2\repository\io\netty\netty-buffer\4.1.100.Final\netty-buffer-4.1.100.Final.jar;C:\Users\abdou\.m2\repository\io\netty\netty-transport\4.1.100.Final\netty-transport-4.1.100.Final.jar;C:\Users\abdou\.m2\repository\io\netty\netty-codec\4.1.100.Final\netty-codec-4.1.100.Final.jar;C:\Users\abdou\.m2\repository\io\netty\netty-handler\4.1.100.Final\netty-handler-4.1.100.Final.jar;C:\Users\abdou\.m2\repository\io\netty\netty-codec-http2\4.1.100.Final\netty-codec-http2-4.1.100.Final.jar;C:\Users\abdou\.m2\repository\io\netty\netty-resolver-dns\4.1.100.Final\netty-resolver-dns-4.1.100.Final.jar;C:\Users\abdou\.m2\repository\io\netty\netty-resolver\4.1.100.Final\netty-resolver-4.1.100.Final.jar;C:\Users\abdou\.m2\repository\io\netty\netty-codec-dns\4.1.100.Final\netty-codec-dns-4.1.100.Final.jar;C:\Users\abdou\.m2\repository\io\netty\netty-resolver-dns-native-macos\4.1.100.Final\netty-resolver-dns-native-macos-4.1.100.Final-osx-x86_64.jar;C:\Users\abdou\.m2\repository\io\netty\netty-resolver-dns-classes-macos\4.1.100.Final\netty-resolver-dns-classes-macos-4.1.100.Final.jar;C:\Users\abdou\.m2\repository\io\netty\netty-transport-native-epoll\4.1.100.Final\netty-transport-native-epoll-4.1.100.Final-linux-x86_64.jar;C:\Users\abdou\.m2\repository\io\netty\netty-transport-native-unix-common\4.1.100.Final\netty-transport-native-unix-common-4.1.100.Final.jar;C:\Users\abdou\.m2\repository\io\netty\netty-transport-classes-epoll\4.1.100.Final\netty-transport-classes-epoll-4.1.100.Final.jar;C:\Users\abdou\.m2\repository\io\projectreactor\netty\reactor-netty-core\1.0.38\reactor-netty-core-1.0.38.jar;C:\Users\abdou\.m2\repository\io\netty\netty-handler-proxy\4.1.100.Final\netty-handler-proxy-4.1.100.Final.jar;C:\Users\abdou\.m2\repository\io\netty\netty-codec-socks\4.1.100.Final\netty-codec-socks-4.1.100.Final.jar;C:\Users\abdou\.m2\repository\org\springframework\spring-web\5.3.30\spring-web-5.3.30.jar;C:\Users\abdou\.m2\repository\org\springframework\spring-beans\5.3.30\spring-beans-5.3.30.jar;C:\Users\abdou\.m2\repository\org\springframework\spring-webflux\5.3.30\spring-webflux-5.3.30.jar;C:\Users\abdou\.m2\repository\org\springframework\cloud\spring-cloud-starter-netflix-eureka-client\3.1.7\spring-cloud-starter-netflix-eureka-client-3.1.7.jar;C:\Users\abdou\.m2\repository\org\springframework\cloud\spring-cloud-netflix-eureka-client\3.1.7\spring-cloud-netflix-eureka-client-3.1.7.jar;C:\Users\abdou\.m2\repository\com\netflix\eureka\eureka-client\1.10.17\eureka-client-1.10.17.jar;C:\Users\abdou\.m2\repository\com\netflix\netflix-commons\netflix-eventbus\0.3.0\netflix-eventbus-0.3.0.jar;C:\Users\abdou\.m2\repository\com\netflix\netflix-commons\netflix-infix\0.3.0\netflix-infix-0.3.0.jar;C:\Users\abdou\.m2\repository\commons-jxpath\commons-jxpath\1.3\commons-jxpath-1.3.jar;C:\Users\abdou\.m2\repository\joda-time\joda-time\2.3\joda-time-2.3.jar;C:\Users\abdou\.m2\repository\org\antlr\antlr-runtime\3.4\antlr-runtime-3.4.jar;C:\Users\abdou\.m2\repository\org\antlr\stringtemplate\3.2.1\stringtemplate-3.2.1.jar;C:\Users\abdou\.m2\repository\antlr\antlr\2.7.7\antlr-2.7.7.jar;C:\Users\abdou\.m2\repository\com\google\code\gson\gson\2.9.1\gson-2.9.1.jar;C:\Users\abdou\.m2\repository\org\apache\commons\commons-math\2.2\commons-math-2.2.jar;C:\Users\abdou\.m2\repository\com\thoughtworks\xstream\xstream\1.4.18\xstream-1.4.18.jar;C:\Users\abdou\.m2\repository\io\github\x-stream\mxparser\1.2.2\mxparser-1.2.2.jar;C:\Users\abdou\.m2\repository\xmlpull\xmlpull\1.1.3.1\xmlpull-1.1.3.1.jar;C:\Users\abdou\.m2\repository\javax\ws\rs\jsr311-api\1.1.1\jsr311-api-1.1.1.jar;C:\Users\abdou\.m2\repository\com\netflix\servo\servo-core\0.12.21\servo-core-0.12.21.jar;C:\Users\abdou\.m2\repository\com\google\guava\guava\19.0\guava-19.0.jar;C:\Users\abdou\.m2\repository\org\apache\httpcomponents\httpclient\4.5.14\httpclient-4.5.14.jar;C:\Users\abdou\.m2\repository\org\apache\httpcomponents\httpcore\4.4.16\httpcore-4.4.16.jar;C:\Users\abdou\.m2\repository\commons-codec\commons-codec\1.15\commons-codec-1.15.jar;C:\Users\abdou\.m2\repository\commons-configuration\commons-configuration\1.10\commons-configuration-1.10.jar;C:\Users\abdou\.m2\repository\commons-lang\commons-lang\2.6\commons-lang-2.6.jar;C:\Users\abdou\.m2\repository\com\google\inject\guice\4.1.0\guice-4.1.0.jar;C:\Users\abdou\.m2\repository\javax\inject\javax.inject\1\javax.inject-1.jar;C:\Users\abdou\.m2\repository\com\fasterxml\jackson\core\jackson-annotations\2.13.5\jackson-annotations-2.13.5.jar;C:\Users\abdou\.m2\repository\com\fasterxml\jackson\core\jackson-core\2.13.5\jackson-core-2.13.5.jar;C:\Users\abdou\.m2\repository\com\fasterxml\jackson\core\jackson-databind\2.13.5\jackson-databind-2.13.5.jar;C:\Users\abdou\.m2\repository\org\codehaus\jettison\jettison\1.4.0\jettison-1.4.0.jar;C:\Users\abdou\.m2\repository\com\netflix\eureka\eureka-core\1.10.17\eureka-core-1.10.17.jar;C:\Users\abdou\.m2\repository\com\fasterxml\woodstox\woodstox-core\6.2.1\woodstox-core-6.2.1.jar;C:\Users\abdou\.m2\repository\org\codehaus\woodstox\stax2-api\4.2.1\stax2-api-4.2.1.jar;C:\Users\abdou\.m2\repository\org\springframework\cloud\spring-cloud-starter-loadbalancer\3.1.7\spring-cloud-starter-loadbalancer-3.1.7.jar;C:\Users\abdou\.m2\repository\org\springframework\cloud\spring-cloud-loadbalancer\3.1.7\spring-cloud-loadbalancer-3.1.7.jar;C:\Users\abdou\.m2\repository\org\springframework\boot\spring-boot-starter-cache\2.7.17-SNAPSHOT\spring-boot-starter-cache-2.7.17-SNAPSHOT.jar;C:\Users\abdou\.m2\repository\org\springframework\spring-context-support\5.3.30\spring-context-support-5.3.30.jar;C:\Users\abdou\.m2\repository\com\stoyanr\evictor\1.0.0\evictor-1.0.0.jar;C:\Users\abdou\.m2\repository\org\springframework\boot\spring-boot-starter-test\2.7.17-SNAPSHOT\spring-boot-starter-test-2.7.17-SNAPSHOT.jar;C:\Users\abdou\.m2\repository\org\springframework\boot\spring-boot-starter\2.7.17-SNAPSHOT\spring-boot-starter-2.7.17-SNAPSHOT.jar;C:\Users\abdou\.m2\repository\org\springframework\boot\spring-boot\2.7.17-SNAPSHOT\spring-boot-2.7.17-SNAPSHOT.jar;C:\Users\abdou\.m2\repository\org\springframework\spring-context\5.3.30\spring-context-5.3.30.jar;C:\Users\abdou\.m2\repository\org\springframework\spring-aop\5.3.30\spring-aop-5.3.30.jar;C:\Users\abdou\.m2\repository\org\springframework\spring-expression\5.3.30\spring-expression-5.3.30.jar;C:\Users\abdou\.m2\repository\org\springframework\boot\spring-boot-autoconfigure\2.7.17-SNAPSHOT\spring-boot-autoconfigure-2.7.17-SNAPSHOT.jar;C:\Users\abdou\.m2\repository\org\springframework\boot\spring-boot-starter-logging\2.7.17-SNAPSHOT\spring-boot-starter-logging-2.7.17-SNAPSHOT.jar;C:\Users\abdou\.m2\repository\ch\qos\logback\logback-classic\1.2.12\logback-classic-1.2.12.jar;C:\Users\abdou\.m2\repository\ch\qos\logback\logback-core\1.2.12\logback-core-1.2.12.jar;C:\Users\abdou\.m2\repository\org\apache\logging\log4j\log4j-to-slf4j\2.17.2\log4j-to-slf4j-2.17.2.jar;C:\Users\abdou\.m2\repository\org\apache\logging\log4j\log4j-api\2.17.2\log4j-api-2.17.2.jar;C:\Users\abdou\.m2\repository\org\slf4j\jul-to-slf4j\1.7.36\jul-to-slf4j-1.7.36.jar;C:\Users\abdou\.m2\repository\jakarta\annotation\jakarta.annotation-api\1.3.5\jakarta.annotation-api-1.3.5.jar;C:\Users\abdou\.m2\repository\org\yaml\snakeyaml\1.30\snakeyaml-1.30.jar;C:\Users\abdou\.m2\repository\org\springframework\boot\spring-boot-test\2.7.17-SNAPSHOT\spring-boot-test-2.7.17-SNAPSHOT.jar;C:\Users\abdou\.m2\repository\org\springframework\boot\spring-boot-test-autoconfigure\2.7.17-SNAPSHOT\spring-boot-test-autoconfigure-2.7.17-SNAPSHOT.jar;C:\Users\abdou\.m2\repository\com\jayway\jsonpath\json-path\2.7.0\json-path-2.7.0.jar;C:\Users\abdou\.m2\repository\net\minidev\json-smart\2.4.11\json-smart-2.4.11.jar;C:\Users\abdou\.m2\repository\net\minidev\accessors-smart\2.4.11\accessors-smart-2.4.11.jar;C:\Users\abdou\.m2\repository\org\ow2\asm\asm\9.3\asm-9.3.jar;C:\Users\abdou\.m2\repository\org\slf4j\slf4j-api\1.7.36\slf4j-api-1.7.36.jar;C:\Users\abdou\.m2\repository\jakarta\xml\bind\jakarta.xml.bind-api\2.3.3\jakarta.xml.bind-api-2.3.3.jar;C:\Users\abdou\.m2\repository\jakarta\activation\jakarta.activation-api\1.2.2\jakarta.activation-api-1.2.2.jar;C:\Users\abdou\.m2\repository\org\assertj\assertj-core\3.22.0\assertj-core-3.22.0.jar;C:\Users\abdou\.m2\repository\org\hamcrest\hamcrest\2.2\hamcrest-2.2.jar;C:\Users\abdou\.m2\repository\org\junit\jupiter\junit-jupiter\5.8.2\junit-jupiter-5.8.2.jar;C:\Users\abdou\.m2\repository\org\junit\jupiter\junit-jupiter-api\5.8.2\junit-jupiter-api-5.8.2.jar;C:\Users\abdou\.m2\repository\org\opentest4j\opentest4j\1.2.0\opentest4j-1.2.0.jar;C:\Users\abdou\.m2\repository\org\junit\platform\junit-platform-commons\1.8.2\junit-platform-commons-1.8.2.jar;C:\Users\abdou\.m2\repository\org\apiguardian\apiguardian-api\1.1.2\apiguardian-api-1.1.2.jar;C:\Users\abdou\.m2\repository\org\junit\jupiter\junit-jupiter-params\5.8.2\junit-jupiter-params-5.8.2.jar;C:\Users\abdou\.m2\repository\org\junit\jupiter\junit-jupiter-engine\5.8.2\junit-jupiter-engine-5.8.2.jar;C:\Users\abdou\.m2\repository\org\junit\platform\junit-platform-engine\1.8.2\junit-platform-engine-1.8.2.jar;C:\Users\abdou\.m2\repository\org\mockito\mockito-core\4.5.1\mockito-core-4.5.1.jar;C:\Users\abdou\.m2\repository\net\bytebuddy\byte-buddy\1.12.23\byte-buddy-1.12.23.jar;C:\Users\abdou\.m2\repository\net\bytebuddy\byte-buddy-agent\1.12.23\byte-buddy-agent-1.12.23.jar;C:\Users\abdou\.m2\repository\org\objenesis\objenesis\3.2\objenesis-3.2.jar;C:\Users\abdou\.m2\repository\org\mockito\mockito-junit-jupiter\4.5.1\mockito-junit-jupiter-4.5.1.jar;C:\Users\abdou\.m2\repository\org\skyscreamer\jsonassert\1.5.1\jsonassert-1.5.1.jar;C:\Users\abdou\.m2\repository\com\vaadin\external\google\android-json\0.0.20131108.vaadin1\android-json-0.0.20131108.vaadin1.jar;C:\Users\abdou\.m2\repository\org\springframework\spring-core\5.3.30\spring-core-5.3.30.jar;C:\Users\abdou\.m2\repository\org\springframework\spring-jcl\5.3.30\spring-jcl-5.3.30.jar;C:\Users\abdou\.m2\repository\org\springframework\spring-test\5.3.30\spring-test-5.3.30.jar;C:\Users\abdou\.m2\repository\org\xmlunit\xmlunit-core\2.9.1\xmlunit-core-2.9.1.jar;"/>
    <property name="sun.boot.library.path" value="C:\Program Files\Java\jdk1.8.0_144\jre\bin"/>
    <property name="sun.java.command" value="C:\Users\ANIS~1\AppData\Local\Temp\surefire7680393956573099204\surefirebooter5153663528157159955.jar C:\Users\A N I S\AppData\Local\Temp\surefire7680393956573099204 2023-10-22T12-23-58_733-jvmRun1 surefire6488935821220509873tmp surefire_02176388665914117481tmp"/>
    <property name="surefire.test.class.path" value="C:\Users\A N I S\Desktop\ms-learning\api-gateway\target\test-classes;C:\Users\A N I S\Desktop\ms-learning\api-gateway\target\classes;C:\Users\A N I S\.m2\repository\org\springframework\cloud\spring-cloud-starter-gateway\3.1.8\spring-cloud-starter-gateway-3.1.8.jar;C:\Users\A N I S\.m2\repository\org\springframework\cloud\spring-cloud-starter\3.1.7\spring-cloud-starter-3.1.7.jar;C:\Users\A N I S\.m2\repository\org\springframework\cloud\spring-cloud-context\3.1.7\spring-cloud-context-3.1.7.jar;C:\Users\A N I S\.m2\repository\org\springframework\security\spring-security-crypto\5.7.11\spring-security-crypto-5.7.11.jar;C:\Users\A N I S\.m2\repository\org\springframework\cloud\spring-cloud-commons\3.1.7\spring-cloud-commons-3.1.7.jar;C:\Users\A N I S\.m2\repository\org\springframework\security\spring-security-rsa\1.0.11.RELEASE\spring-security-rsa-1.0.11.RELEASE.jar;C:\Users\A N I S\.m2\repository\org\bouncycastle\bcpkix-jdk15on\1.69\bcpkix-jdk15on-1.69.jar;C:\Users\A N I S\.m2\repository\org\bouncycastle\bcprov-jdk15on\1.69\bcprov-jdk15on-1.69.jar;C:\Users\A N I S\.m2\repository\org\bouncycastle\bcutil-jdk15on\1.69\bcutil-jdk15on-1.69.jar;C:\Users\A N I S\.m2\repository\org\springframework\cloud\spring-cloud-gateway-server\3.1.8\spring-cloud-gateway-server-3.1.8.jar;C:\Users\A N I S\.m2\repository\org\springframework\boot\spring-boot-starter-validation\2.7.17-SNAPSHOT\spring-boot-starter-validation-2.7.17-SNAPSHOT.jar;C:\Users\A N I S\.m2\repository\org\apache\tomcat\embed\tomcat-embed-el\9.0.82\tomcat-embed-el-9.0.82.jar;C:\Users\A N I S\.m2\repository\org\hibernate\validator\hibernate-validator\6.2.5.Final\hibernate-validator-6.2.5.Final.jar;C:\Users\A N I S\.m2\repository\jakarta\validation\jakarta.validation-api\2.0.2\jakarta.validation-api-2.0.2.jar;C:\Users\A N I S\.m2\repository\org\jboss\logging\jboss-logging\3.4.3.Final\jboss-logging-3.4.3.Final.jar;C:\Users\A N I S\.m2\repository\com\fasterxml\classmate\1.5.1\classmate-1.5.1.jar;C:\Users\A N I S\.m2\repository\io\projectreactor\addons\reactor-extra\3.4.10\reactor-extra-3.4.10.jar;C:\Users\A N I S\.m2\repository\io\projectreactor\reactor-core\3.4.33\reactor-core-3.4.33.jar;C:\Users\A N I S\.m2\repository\org\reactivestreams\reactive-streams\1.0.4\reactive-streams-1.0.4.jar;C:\Users\A N I S\.m2\repository\org\springframework\boot\spring-boot-starter-webflux\2.7.17-SNAPSHOT\spring-boot-starter-webflux-2.7.17-SNAPSHOT.jar;C:\Users\A N I S\.m2\repository\org\springframework\boot\spring-boot-starter-json\2.7.17-SNAPSHOT\spring-boot-starter-json-2.7.17-SNAPSHOT.jar;C:\Users\A N I S\.m2\repository\com\fasterxml\jackson\datatype\jackson-datatype-jdk8\2.13.5\jackson-datatype-jdk8-2.13.5.jar;C:\Users\A N I S\.m2\repository\com\fasterxml\jackson\datatype\jackson-datatype-jsr310\2.13.5\jackson-datatype-jsr310-2.13.5.jar;C:\Users\A N I S\.m2\repository\com\fasterxml\jackson\module\jackson-module-parameter-names\2.13.5\jackson-module-parameter-names-2.13.5.jar;C:\Users\A N I S\.m2\repository\org\springframework\boot\spring-boot-starter-reactor-netty\2.7.17-SNAPSHOT\spring-boot-starter-reactor-netty-2.7.17-SNAPSHOT.jar;C:\Users\A N I S\.m2\repository\io\projectreactor\netty\reactor-netty-http\1.0.38\reactor-netty-http-1.0.38.jar;C:\Users\A N I S\.m2\repository\io\netty\netty-codec-http\4.1.100.Final\netty-codec-http-4.1.100.Final.jar;C:\Users\A N I S\.m2\repository\io\netty\netty-common\4.1.100.Final\netty-common-4.1.100.Final.jar;C:\Users\A N I S\.m2\repository\io\netty\netty-buffer\4.1.100.Final\netty-buffer-4.1.100.Final.jar;C:\Users\A N I S\.m2\repository\io\netty\netty-transport\4.1.100.Final\netty-transport-4.1.100.Final.jar;C:\Users\A N I S\.m2\repository\io\netty\netty-codec\4.1.100.Final\netty-codec-4.1.100.Final.jar;C:\Users\A N I S\.m2\repository\io\netty\netty-handler\4.1.100.Final\netty-handler-4.1.100.Final.jar;C:\Users\A N I S\.m2\repository\io\netty\netty-codec-http2\4.1.100.Final\netty-codec-http2-4.1.100.Final.jar;C:\Users\A N I S\.m2\repository\io\netty\netty-resolver-dns\4.1.100.Final\netty-resolver-dns-4.1.100.Final.jar;C:\Users\A N I S\.m2\repository\io\netty\netty-resolver\4.1.100.Final\netty-resolver-4.1.100.Final.jar;C:\Users\A N I S\.m2\repository\io\netty\netty-codec-dns\4.1.100.Final\netty-codec-dns-4.1.100.Final.jar;C:\Users\A N I S\.m2\repository\io\netty\netty-resolver-dns-native-macos\4.1.100.Final\netty-resolver-dns-native-macos-4.1.100.Final-osx-x86_64.jar;C:\Users\A N I S\.m2\repository\io\netty\netty-resolver-dns-classes-macos\4.1.100.Final\netty-resolver-dns-classes-macos-4.1.100.Final.jar;C:\Users\A N I S\.m2\repository\io\netty\netty-transport-native-epoll\4.1.100.Final\netty-transport-native-epoll-4.1.100.Final-linux-x86_64.jar;C:\Users\A N I S\.m2\repository\io\netty\netty-transport-native-unix-common\4.1.100.Final\netty-transport-native-unix-common-4.1.100.Final.jar;C:\Users\A N I S\.m2\repository\io\netty\netty-transport-classes-epoll\4.1.100.Final\netty-transport-classes-epoll-4.1.100.Final.jar;C:\Users\A N I S\.m2\repository\io\projectreactor\netty\reactor-netty-core\1.0.38\reactor-netty-core-1.0.38.jar;C:\Users\A N I S\.m2\repository\io\netty\netty-handler-proxy\4.1.100.Final\netty-handler-proxy-4.1.100.Final.jar;C:\Users\A N I S\.m2\repository\io\netty\netty-codec-socks\4.1.100.Final\netty-codec-socks-4.1.100.Final.jar;C:\Users\A N I S\.m2\repository\org\springframework\spring-web\5.3.30\spring-web-5.3.30.jar;C:\Users\A N I S\.m2\repository\org\springframework\spring-beans\5.3.30\spring-beans-5.3.30.jar;C:\Users\A N I S\.m2\repository\org\springframework\spring-webflux\5.3.30\spring-webflux-5.3.30.jar;C:\Users\A N I S\.m2\repository\org\springframework\cloud\spring-cloud-starter-netflix-eureka-client\3.1.7\spring-cloud-starter-netflix-eureka-client-3.1.7.jar;C:\Users\A N I S\.m2\repository\org\springframework\cloud\spring-cloud-netflix-eureka-client\3.1.7\spring-cloud-netflix-eureka-client-3.1.7.jar;C:\Users\A N I S\.m2\repository\com\netflix\eureka\eureka-client\1.10.17\eureka-client-1.10.17.jar;C:\Users\A N I S\.m2\repository\com\netflix\netflix-commons\netflix-eventbus\0.3.0\netflix-eventbus-0.3.0.jar;C:\Users\A N I S\.m2\repository\com\netflix\netflix-commons\netflix-infix\0.3.0\netflix-infix-0.3.0.jar;C:\Users\A N I S\.m2\repository\commons-jxpath\commons-jxpath\1.3\commons-jxpath-1.3.jar;C:\Users\A N I S\.m2\repository\joda-time\joda-time\2.3\joda-time-2.3.jar;C:\Users\A N I S\.m2\repository\org\antlr\antlr-runtime\3.4\antlr-runtime-3.4.jar;C:\Users\A N I S\.m2\repository\org\antlr\stringtemplate\3.2.1\stringtemplate-3.2.1.jar;C:\Users\A N I S\.m2\repository\antlr\antlr\2.7.7\antlr-2.7.7.jar;C:\Users\A N I S\.m2\repository\com\google\code\gson\gson\2.9.1\gson-2.9.1.jar;C:\Users\A N I S\.m2\repository\org\apache\commons\commons-math\2.2\commons-math-2.2.jar;C:\Users\A N I S\.m2\repository\com\thoughtworks\xstream\xstream\1.4.18\xstream-1.4.18.jar;C:\Users\A N I S\.m2\repository\io\github\x-stream\mxparser\1.2.2\mxparser-1.2.2.jar;C:\Users\A N I S\.m2\repository\xmlpull\xmlpull\1.1.3.1\xmlpull-1.1.3.1.jar;C:\Users\A N I S\.m2\repository\javax\ws\rs\jsr311-api\1.1.1\jsr311-api-1.1.1.jar;C:\Users\A N I S\.m2\repository\com\netflix\servo\servo-core\0.12.21\servo-core-0.12.21.jar;C:\Users\A N I S\.m2\repository\com\google\guava\guava\19.0\guava-19.0.jar;C:\Users\A N I S\.m2\repository\org\apache\httpcomponents\httpclient\4.5.14\httpclient-4.5.14.jar;C:\Users\A N I S\.m2\repository\org\apache\httpcomponents\httpcore\4.4.16\httpcore-4.4.16.jar;C:\Users\A N I S\.m2\repository\commons-codec\commons-codec\1.15\commons-codec-1.15.jar;C:\Users\A N I S\.m2\repository\commons-configuration\commons-configuration\1.10\commons-configuration-1.10.jar;C:\Users\A N I S\.m2\repository\commons-lang\commons-lang\2.6\commons-lang-2.6.jar;C:\Users\A N I S\.m2\repository\com\google\inject\guice\4.1.0\guice-4.1.0.jar;C:\Users\A N I S\.m2\repository\javax\inject\javax.inject\1\javax.inject-1.jar;C:\Users\A N I S\.m2\repository\com\fasterxml\jackson\core\jackson-annotations\2.13.5\jackson-annotations-2.13.5.jar;C:\Users\A N I S\.m2\repository\com\fasterxml\jackson\core\jackson-core\2.13.5\jackson-core-2.13.5.jar;C:\Users\A N I S\.m2\repository\com\fasterxml\jackson\core\jackson-databind\2.13.5\jackson-databind-2.13.5.jar;C:\Users\A N I S\.m2\repository\org\codehaus\jettison\jettison\1.4.0\jettison-1.4.0.jar;C:\Users\A N I S\.m2\repository\com\netflix\eureka\eureka-core\1.10.17\eureka-core-1.10.17.jar;C:\Users\A N I S\.m2\repository\com\fasterxml\woodstox\woodstox-core\6.2.1\woodstox-core-6.2.1.jar;C:\Users\A N I S\.m2\repository\org\codehaus\woodstox\stax2-api\4.2.1\stax2-api-4.2.1.jar;C:\Users\A N I S\.m2\repository\org\springframework\cloud\spring-cloud-starter-loadbalancer\3.1.7\spring-cloud-starter-loadbalancer-3.1.7.jar;C:\Users\A N I S\.m2\repository\org\springframework\cloud\spring-cloud-loadbalancer\3.1.7\spring-cloud-loadbalancer-3.1.7.jar;C:\Users\A N I S\.m2\repository\org\springframework\boot\spring-boot-starter-cache\2.7.17-SNAPSHOT\spring-boot-starter-cache-2.7.17-SNAPSHOT.jar;C:\Users\A N I S\.m2\repository\org\springframework\spring-context-support\5.3.30\spring-context-support-5.3.30.jar;C:\Users\A N I S\.m2\repository\com\stoyanr\evictor\1.0.0\evictor-1.0.0.jar;C:\Users\A N I S\.m2\repository\org\springframework\boot\spring-boot-starter-test\2.7.17-SNAPSHOT\spring-boot-starter-test-2.7.17-SNAPSHOT.jar;C:\Users\A N I S\.m2\repository\org\springframework\boot\spring-boot-starter\2.7.17-SNAPSHOT\spring-boot-starter-2.7.17-SNAPSHOT.jar;C:\Users\A N I S\.m2\repository\org\springframework\boot\spring-boot\2.7.17-SNAPSHOT\spring-boot-2.7.17-SNAPSHOT.jar;C:\Users\A N I S\.m2\repository\org\springframework\spring-context\5.3.30\spring-context-5.3.30.jar;C:\Users\A N I S\.m2\repository\org\springframework\spring-aop\5.3.30\spring-aop-5.3.30.jar;C:\Users\A N I S\.m2\repository\org\springframework\spring-expression\5.3.30\spring-expression-5.3.30.jar;C:\Users\A N I S\.m2\repository\org\springframework\boot\spring-boot-autoconfigure\2.7.17-SNAPSHOT\spring-boot-autoconfigure-2.7.17-SNAPSHOT.jar;C:\Users\A N I S\.m2\repository\org\springframework\boot\spring-boot-starter-logging\2.7.17-SNAPSHOT\spring-boot-starter-logging-2.7.17-SNAPSHOT.jar;C:\Users\A N I S\.m2\repository\ch\qos\logback\logback-classic\1.2.12\logback-classic-1.2.12.jar;C:\Users\A N I S\.m2\repository\ch\qos\logback\logback-core\1.2.12\logback-core-1.2.12.jar;C:\Users\A N I S\.m2\repository\org\apache\logging\log4j\log4j-to-slf4j\2.17.2\log4j-to-slf4j-2.17.2.jar;C:\Users\A N I S\.m2\repository\org\apache\logging\log4j\log4j-api\2.17.2\log4j-api-2.17.2.jar;C:\Users\A N I S\.m2\repository\org\slf4j\jul-to-slf4j\1.7.36\jul-to-slf4j-1.7.36.jar;C:\Users\A N I S\.m2\repository\jakarta\annotation\jakarta.annotation-api\1.3.5\jakarta.annotation-api-1.3.5.jar;C:\Users\A N I S\.m2\repository\org\yaml\snakeyaml\1.30\snakeyaml-1.30.jar;C:\Users\A N I S\.m2\repository\org\springframework\boot\spring-boot-test\2.7.17-SNAPSHOT\spring-boot-test-2.7.17-SNAPSHOT.jar;C:\Users\A N I S\.m2\repository\org\springframework\boot\spring-boot-test-autoconfigure\2.7.17-SNAPSHOT\spring-boot-test-autoconfigure-2.7.17-SNAPSHOT.jar;C:\Users\A N I S\.m2\repository\com\jayway\jsonpath\json-path\2.7.0\json-path-2.7.0.jar;C:\Users\A N I S\.m2\repository\net\minidev\json-smart\2.4.11\json-smart-2.4.11.jar;C:\Users\A N I S\.m2\repository\net\minidev\accessors-smart\2.4.11\accessors-smart-2.4.11.jar;C:\Users\A N I S\.m2\repository\org\ow2\asm\asm\9.3\asm-9.3.jar;C:\Users\A N I S\.m2\repository\org\slf4j\slf4j-api\1.7.36\slf4j-api-1.7.36.jar;C:\Users\A N I S\.m2\repository\jakarta\xml\bind\jakarta.xml.bind-api\2.3.3\jakarta.xml.bind-api-2.3.3.jar;C:\Users\A N I S\.m2\repository\jakarta\activation\jakarta.activation-api\1.2.2\jakarta.activation-api-1.2.2.jar;C:\Users\A N I S\.m2\repository\org\assertj\assertj-core\3.22.0\assertj-core-3.22.0.jar;C:\Users\A N I S\.m2\repository\org\hamcrest\hamcrest\2.2\hamcrest-2.2.jar;C:\Users\A N I S\.m2\repository\org\junit\jupiter\junit-jupiter\5.8.2\junit-jupiter-5.8.2.jar;C:\Users\A N I S\.m2\repository\org\junit\jupiter\junit-jupiter-api\5.8.2\junit-jupiter-api-5.8.2.jar;C:\Users\A N I S\.m2\repository\org\opentest4j\opentest4j\1.2.0\opentest4j-1.2.0.jar;C:\Users\A N I S\.m2\repository\org\junit\platform\junit-platform-commons\1.8.2\junit-platform-commons-1.8.2.jar;C:\Users\A N I S\.m2\repository\org\apiguardian\apiguardian-api\1.1.2\apiguardian-api-1.1.2.jar;C:\Users\A N I S\.m2\repository\org\junit\jupiter\junit-jupiter-params\5.8.2\junit-jupiter-params-5.8.2.jar;C:\Users\A N I S\.m2\repository\org\junit\jupiter\junit-jupiter-engine\5.8.2\junit-jupiter-engine-5.8.2.jar;C:\Users\A N I S\.m2\repository\org\junit\platform\junit-platform-engine\1.8.2\junit-platform-engine-1.8.2.jar;C:\Users\A N I S\.m2\repository\org\mockito\mockito-core\4.5.1\mockito-core-4.5.1.jar;C:\Users\A N I S\.m2\repository\net\bytebuddy\byte-buddy\1.12.23\byte-buddy-1.12.23.jar;C:\Users\A N I S\.m2\repository\net\bytebuddy\byte-buddy-agent\1.12.23\byte-buddy-agent-1.12.23.jar;C:\Users\A N I S\.m2\repository\org\objenesis\objenesis\3.2\objenesis-3.2.jar;C:\Users\A N I S\.m2\repository\org\mockito\mockito-junit-jupiter\4.5.1\mockito-junit-jupiter-4.5.1.jar;C:\Users\A N I S\.m2\repository\org\skyscreamer\jsonassert\1.5.1\jsonassert-1.5.1.jar;C:\Users\A N I S\.m2\repository\com\vaadin\external\google\android-json\0.0.20131108.vaadin1\android-json-0.0.20131108.vaadin1.jar;C:\Users\A N I S\.m2\repository\org\springframework\spring-core\5.3.30\spring-core-5.3.30.jar;C:\Users\A N I S\.m2\repository\org\springframework\spring-jcl\5.3.30\spring-jcl-5.3.30.jar;C:\Users\A N I S\.m2\repository\org\springframework\spring-test\5.3.30\spring-test-5.3.30.jar;C:\Users\A N I S\.m2\repository\org\xmlunit\xmlunit-core\2.9.1\xmlunit-core-2.9.1.jar;"/>
    <property name="sun.cpu.endian" value="little"/>
    <property name="user.home" value="C:\Users\A N I S"/>
    <property name="user.language" value="fr"/>
    <property name="java.specification.vendor" value="Oracle Corporation"/>
    <property name="java.home" value="C:\Program Files\Java\jdk1.8.0_144\jre"/>
    <property name="basedir" value="C:\Users\A N I S\Desktop\ms-learning\api-gateway"/>
    <property name="file.separator" value="\"/>
    <property name="line.separator" value="&#10;"/>
    <property name="java.vm.specification.vendor" value="Oracle Corporation"/>
    <property name="java.specification.name" value="Java Platform API Specification"/>
    <property name="java.awt.graphicsenv" value="sun.awt.Win32GraphicsEnvironment"/>
    <property name="surefire.real.class.path" value="C:\Users\abdou\AppData\Local\Temp\surefire7396307529888300642\surefirebooter3854914157704981711.jar"/>
    <property name="sun.boot.class.path" value="C:\Program Files\Java\jdk1.8.0_202\jre\lib\resources.jar;C:\Program Files\Java\jdk1.8.0_202\jre\lib\rt.jar;C:\Program Files\Java\jdk1.8.0_202\jre\lib\sunrsasign.jar;C:\Program Files\Java\jdk1.8.0_202\jre\lib\jsse.jar;C:\Program Files\Java\jdk1.8.0_202\jre\lib\jce.jar;C:\Program Files\Java\jdk1.8.0_202\jre\lib\charsets.jar;C:\Program Files\Java\jdk1.8.0_202\jre\lib\jfr.jar;C:\Program Files\Java\jdk1.8.0_202\jre\classes"/>


    <property name="java.library.path" value="C:\Program Files\Java\jdk1.8.0_202\jre\bin;C:\WINDOWS\Sun\Java\bin;C:\WINDOWS\system32;C:\WINDOWS;C:\Users\abdou\AppData\Local\Programs\Python\Python311\Scripts\;C:\Users\abdou\AppData\Local\Programs\Python\Python311\;C:\oraclexe\app\oracle\product\11.2.0\server\bin;C:\Program Files (x86)\VMware\VMware Workstation\bin\;C:\ProgramData\Oracle\Java\javapath;C:\Windows\system32;C:\Windows;C:\Windows\System32\Wbem;C:\Windows\System32\WindowsPowerShell\v1.0\;C:\Windows\System32\OpenSSH\;C:\Program Files (x86)\NVIDIA Corporation\PhysX\Common;C:\Program Files\NVIDIA Corporation\NVIDIA NvDLISR;C:\Program Files\java\jdk1.8.0_144\\bin;C:\Program Files\Git\cmd;C:\WINDOWS\system32;C:\WINDOWS;C:\WINDOWS\System32\Wbem;C:\WINDOWS\System32\WindowsPowerShell\v1.0\;C:\WINDOWS\System32\OpenSSH\;C:\Program Files\JetBrains\IntelliJ IDEA 2022.2.2\bin;C:\Users\abdou\anaconda3\Scripts;C:\Program Files\Microsoft SQL Server\150\Tools\Binn\;C:\Program Files\dotnet\;C:\Program Files\Microsoft SQL Server\Client SDK\ODBC\170\Tools\Binn\;C:\Windows\k.bat;C:\Program Files\Docker\Docker\resources\bin;C:\ProgramData\chocolatey\bin;%NVM_HOME%;%NVM_SYMLINK%;C:\HashiCorp\Vagrant\bin;C:\Users\abdou\.console-ninja\.bin;C:\Users\abdou\AppData\Local\Microsoft\WindowsApps;C:\Program Files\JetBrains\IntelliJ IDEA 2022.2.2\bin;C:\Program Files\JetBrains\DataGrip 2022.2.4\bin;C:\Program Files\MongoDB\Server\4.0\bin;C:\Users\abdou\.dotnet\tools;C:\Users\abdou\AppData\Local\Programs\Microsoft VS Code\bin;C:\Users\abdou\AppData\Roaming\nvm;C:\Program Files\nodejs;C:\Program Files\JetBrains\PhpStorm 2023.2.2\bin;;C:\Program Files\JetBrains\IntelliJ IDEA 2023.2.2\bin;;C:\xampp\php;C:\Users\abdou\AppData\Local\ComposerSetup\bin;C:\Users\abdou\AppData\Roaming\Composer\vendor\bin;."/>

    <property name="java.vm.info" value="mixed mode"/>
    <property name="java.vendor" value="Oracle Corporation"/>
    <property name="java.vm.version" value="25.144-b01"/>
    <property name="java.ext.dirs" value="C:\Program Files\Java\jdk1.8.0_144\jre\lib\ext;C:\WINDOWS\Sun\Java\lib\ext"/>
    <property name="sun.io.unicode.encoding" value="UnicodeLittle"/>
    <property name="java.class.version" value="52.0"/>
  </properties>
  <testcase name="contextLoads" classname="com.example.apigateway.ApiGatewayApplicationTests" time="0.438"/>

</testsuite>